# JRE version: Java(TM) SE Runtime Environment (8.0_281-b09) (build 1.8.0_281-b09)
# Java VM: Java HotSpot(TM) 64-Bit Server VM (25.281-b09 mixed mode windows-amd64 compressed oops)
Heap:
 PSYoungGen      total 120832K, used 4916K [0x00000000d5580000, 0x00000000de880000, 0x0000000100000000)
  eden space 111104K, 4% used [0x00000000d5580000,0x00000000d5a4d248,0x00000000dc200000)
  from space 9728K, 0% used [0x00000000dd580000,0x00000000dd580000,0x00000000ddf00000)
  to   space 7168K, 0% used [0x00000000de180000,0x00000000de180000,0x00000000de880000)
 ParOldGen       total 86528K, used 19391K [0x0000000080000000, 0x0000000085480000, 0x00000000d5580000)
  object space 86528K, 22% used [0x0000000080000000,0x00000000812efc38,0x0000000085480000)
 Metaspace       used 33096K, capacity 35408K, committed 35712K, reserved 1079296K
  class space    used 4430K, capacity 4880K, committed 4992K, reserved 1048576K
GC Heap History (10 events):
Event: 8.032 GC heap before
{Heap before GC invocations=5 (full 0):
 PSYoungGen      total 71680K, used 23448K [0x00000000d5580000, 0x00000000da080000, 0x0000000100000000)
  eden space 66560K, 27% used [0x00000000d5580000,0x00000000d676dff8,0x00000000d9680000)
  from space 5120K, 99% used [0x00000000d9b80000,0x00000000da078020,0x00000000da080000)
  to   space 5120K, 0% used [0x00000000d9680000,0x00000000d9680000,0x00000000d9b80000)
 ParOldGen       total 87552K, used 8624K [0x0000000080000000, 0x0000000085580000, 0x00000000d5580000)
  object space 87552K, 9% used [0x0000000080000000,0x000000008086c258,0x0000000085580000)
 Metaspace       used 20285K, capacity 21236K, committed 21296K, reserved 1069056K
  class space    used 2559K, capacity 2792K, committed 2816K, reserved 1048576K
Event: 8.049 GC heap after
Heap after GC invocations=5 (full 0):
 PSYoungGen      total 71680K, used 5109K [0x00000000d5580000, 0x00000000deb80000, 0x0000000100000000)
  eden space 66560K, 0% used [0x00000000d5580000,0x00000000d5580000,0x00000000d9680000)
  from space 5120K, 99% used [0x00000000d9680000,0x00000000d9b7d6d8,0x00000000d9b80000)
  to   space 10240K, 0% used [0x00000000de180000,0x00000000de180000,0x00000000deb80000)
 ParOldGen       total 87552K, used 10408K [0x0000000080000000, 0x0000000085580000, 0x00000000d5580000)
  object space 87552K, 11% used [0x0000000080000000,0x0000000080a2a198,0x0000000085580000)
 Metaspace       used 20285K, capacity 21236K, committed 21296K, reserved 1069056K
  class space    used 2559K, capacity 2792K, committed 2816K, reserved 1048576K
}
Event: 8.049 GC heap before
{Heap before GC invocations=6 (full 1):
 PSYoungGen      total 71680K, used 5109K [0x00000000d5580000, 0x00000000deb80000, 0x0000000100000000)
  eden space 66560K, 0% used [0x00000000d5580000,0x00000000d5580000,0x00000000d9680000)
  from space 5120K, 99% used [0x00000000d9680000,0x00000000d9b7d6d8,0x00000000d9b80000)
  to   space 10240K, 0% used [0x00000000de180000,0x00000000de180000,0x00000000deb80000)
 ParOldGen       total 87552K, used 10408K [0x0000000080000000, 0x0000000085580000, 0x00000000d5580000)
  object space 87552K, 11% used [0x0000000080000000,0x0000000080a2a198,0x0000000085580000)
 Metaspace       used 20285K, capacity 21236K, committed 21296K, reserved 1069056K
  class space    used 2559K, capacity 2792K, committed 2816K, reserved 1048576K
Event: 8.117 GC heap after
Heap after GC invocations=6 (full 1):
 PSYoungGen      total 71680K, used 0K [0x00000000d5580000, 0x00000000deb80000, 0x0000000100000000)
  eden space 66560K, 0% used [0x00000000d5580000,0x00000000d5580000,0x00000000d9680000)
  from space 5120K, 0% used [0x00000000d9680000,0x00000000d9680000,0x00000000d9b80000)
  to   space 10240K, 0% used [0x00000000de180000,0x00000000de180000,0x00000000deb80000)
 ParOldGen       total 55808K, used 7626K [0x0000000080000000, 0x0000000083680000, 0x00000000d5580000)
  object space 55808K, 13% used [0x0000000080000000,0x0000000080772ab8,0x0000000083680000)
 Metaspace       used 20285K, capacity 21236K, committed 21296K, reserved 1069056K
  class space    used 2559K, capacity 2792K, committed 2816K, reserved 1048576K
}
Event: 11.425 GC heap before
{Heap before GC invocations=7 (full 1):
 PSYoungGen      total 71680K, used 66560K [0x00000000d5580000, 0x00000000deb80000, 0x0000000100000000)
  eden space 66560K, 100% used [0x00000000d5580000,0x00000000d9680000,0x00000000d9680000)
  from space 5120K, 0% used [0x00000000d9680000,0x00000000d9680000,0x00000000d9b80000)
  to   space 10240K, 0% used [0x00000000de180000,0x00000000de180000,0x00000000deb80000)
 ParOldGen       total 55808K, used 7626K [0x0000000080000000, 0x0000000083680000, 0x00000000d5580000)
  object space 55808K, 13% used [0x0000000080000000,0x0000000080772ab8,0x0000000083680000)
 Metaspace       used 23539K, capacity 24806K, committed 25088K, reserved 1071104K
  class space    used 3029K, capacity 3271K, committed 3328K, reserved 1048576K
Event: 11.448 GC heap after
Heap after GC invocations=7 (full 1):
 PSYoungGen      total 118272K, used 7161K [0x00000000d5580000, 0x00000000de880000, 0x0000000100000000)
  eden space 111104K, 0% used [0x00000000d5580000,0x00000000d5580000,0x00000000dc200000)
  from space 7168K, 99% used [0x00000000de180000,0x00000000de87e508,0x00000000de880000)
  to   space 9728K, 0% used [0x00000000dd580000,0x00000000dd580000,0x00000000ddf00000)
 ParOldGen       total 55808K, used 7634K [0x0000000080000000, 0x0000000083680000, 0x00000000d5580000)
  object space 55808K, 13% used [0x0000000080000000,0x0000000080774ab8,0x0000000083680000)
 Metaspace       used 23539K, capacity 24806K, committed 25088K, reserved 1071104K
  class space    used 3029K, capacity 3271K, committed 3328K, reserved 1048576K
}
Event: 22.971 GC heap before
{Heap before GC invocations=8 (full 1):
 PSYoungGen      total 118272K, used 104592K [0x00000000d5580000, 0x00000000de880000, 0x0000000100000000)
  eden space 111104K, 87% used [0x00000000d5580000,0x00000000db4a5cf8,0x00000000dc200000)
  from space 7168K, 99% used [0x00000000de180000,0x00000000de87e508,0x00000000de880000)
  to   space 9728K, 0% used [0x00000000dd580000,0x00000000dd580000,0x00000000ddf00000)
 ParOldGen       total 55808K, used 7634K [0x0000000080000000, 0x0000000083680000, 0x00000000d5580000)
  object space 55808K, 13% used [0x0000000080000000,0x0000000080774ab8,0x0000000083680000)
 Metaspace       used 33088K, capacity 35344K, committed 35456K, reserved 1079296K
  class space    used 4429K, capacity 4880K, committed 4992K, reserved 1048576K
Event: 23.006 GC heap after
Heap after GC invocations=8 (full 1):
 PSYoungGen      total 120832K, used 9713K [0x00000000d5580000, 0x00000000de880000, 0x0000000100000000)
  eden space 111104K, 0% used [0x00000000d5580000,0x00000000d5580000,0x00000000dc200000)
  from space 9728K, 99% used [0x00000000dd580000,0x00000000ddefc6f8,0x00000000ddf00000)
  to   space 7168K, 0% used [0x00000000de180000,0x00000000de180000,0x00000000de880000)
 ParOldGen       total 55808K, used 12287K [0x0000000080000000, 0x0000000083680000, 0x00000000d5580000)
  object space 55808K, 22% used [0x0000000080000000,0x0000000080bfff60,0x0000000083680000)
 Metaspace       used 33088K, capacity 35344K, committed 35456K, reserved 1079296K
  class space    used 4429K, capacity 4880K, committed 4992K, reserved 1048576K
}
Event: 23.006 GC heap before
{Heap before GC invocations=9 (full 2):
 PSYoungGen      total 120832K, used 9713K [0x00000000d5580000, 0x00000000de880000, 0x0000000100000000)
  eden space 111104K, 0% used [0x00000000d5580000,0x00000000d5580000,0x00000000dc200000)
  from space 9728K, 99% used [0x00000000dd580000,0x00000000ddefc6f8,0x00000000ddf00000)
  to   space 7168K, 0% used [0x00000000de180000,0x00000000de180000,0x00000000de880000)
 ParOldGen       total 55808K, used 12287K [0x0000000080000000, 0x0000000083680000, 0x00000000d5580000)
  object space 55808K, 22% used [0x0000000080000000,0x0000000080bfff60,0x0000000083680000)
 Metaspace       used 33088K, capacity 35344K, committed 35456K, reserved 1079296K
  class space    used 4429K, capacity 4880K, committed 4992K, reserved 1048576K
Event: 23.163 GC heap after
Heap after GC invocations=9 (full 2):
 PSYoungGen      total 120832K, used 0K [0x00000000d5580000, 0x00000000de880000, 0x0000000100000000)
  eden space 111104K, 0% used [0x00000000d5580000,0x00000000d5580000,0x00000000dc200000)
  from space 9728K, 0% used [0x00000000dd580000,0x00000000dd580000,0x00000000ddf00000)
  to   space 7168K, 0% used [0x00000000de180000,0x00000000de180000,0x00000000de880000)
 ParOldGen       total 86528K, used 19391K [0x0000000080000000, 0x0000000085480000, 0x00000000d5580000)
  object space 86528K, 22% used [0x0000000080000000,0x00000000812efc38,0x0000000085480000)
 Metaspace       used 33088K, capacity 35344K, committed 35456K, reserved 1079296K
  class space    used 4429K, capacity 4880K, committed 4992K, reserved 1048576K
}

