# JRE version: Java(TM) SE Runtime Environment (8.0_281-b09) (build 1.8.0_281-b09)
# Java VM: Java HotSpot(TM) 64-Bit Server VM (25.281-b09 mixed mode windows-amd64 compressed oops)
Heap:
 PSYoungGen      total 175104K, used 65025K [0x00000000d5580000, 0x00000000e3780000, 0x0000000100000000)
  eden space 163328K, 32% used [0x00000000d5580000,0x00000000d89fcb38,0x00000000df500000)
  from space 11776K, 95% used [0x00000000e2c00000,0x00000000e3703b80,0x00000000e3780000)
  to   space 15872K, 0% used [0x00000000e1880000,0x00000000e1880000,0x00000000e2800000)
 ParOldGen       total 95744K, used 21920K [0x0000000080000000, 0x0000000085d80000, 0x00000000d5580000)
  object space 95744K, 22% used [0x0000000080000000,0x00000000815680f0,0x0000000085d80000)
 Metaspace       used 49982K, capacity 53796K, committed 54016K, reserved 1095680K
  class space    used 6774K, capacity 7408K, committed 7424K, reserved 1048576K
GC Heap History (10 events):
Event: 9.399 GC heap before
{Heap before GC invocations=8 (full 1):
 PSYoungGen      total 115200K, used 105679K [0x00000000d5580000, 0x00000000de880000, 0x0000000100000000)
  eden space 108032K, 91% used [0x00000000d5580000,0x00000000db5d3228,0x00000000dbf00000)
  from space 7168K, 98% used [0x00000000de180000,0x00000000de860d70,0x00000000de880000)
  to   space 9728K, 0% used [0x00000000dd580000,0x00000000dd580000,0x00000000ddf00000)
 ParOldGen       total 57344K, used 7423K [0x0000000080000000, 0x0000000083800000, 0x00000000d5580000)
  object space 57344K, 12% used [0x0000000080000000,0x000000008073fe78,0x0000000083800000)
 Metaspace       used 33134K, capacity 35390K, committed 35416K, reserved 1079296K
  class space    used 4424K, capacity 4847K, committed 4864K, reserved 1048576K
Event: 9.439 GC heap after
Heap after GC invocations=8 (full 1):
 PSYoungGen      total 140800K, used 9703K [0x00000000d5580000, 0x00000000e1700000, 0x0000000100000000)
  eden space 131072K, 0% used [0x00000000d5580000,0x00000000d5580000,0x00000000dd580000)
  from space 9728K, 99% used [0x00000000dd580000,0x00000000ddef9ec0,0x00000000ddf00000)
  to   space 13312K, 0% used [0x00000000e0a00000,0x00000000e0a00000,0x00000000e1700000)
 ParOldGen       total 57344K, used 12265K [0x0000000080000000, 0x0000000083800000, 0x00000000d5580000)
  object space 57344K, 21% used [0x0000000080000000,0x0000000080bfa7c0,0x0000000083800000)
 Metaspace       used 33134K, capacity 35390K, committed 35416K, reserved 1079296K
  class space    used 4424K, capacity 4847K, committed 4864K, reserved 1048576K
}
Event: 9.439 GC heap before
{Heap before GC invocations=9 (full 2):
 PSYoungGen      total 140800K, used 9703K [0x00000000d5580000, 0x00000000e1700000, 0x0000000100000000)
  eden space 131072K, 0% used [0x00000000d5580000,0x00000000d5580000,0x00000000dd580000)
  from space 9728K, 99% used [0x00000000dd580000,0x00000000ddef9ec0,0x00000000ddf00000)
  to   space 13312K, 0% used [0x00000000e0a00000,0x00000000e0a00000,0x00000000e1700000)
 ParOldGen       total 57344K, used 12265K [0x0000000080000000, 0x0000000083800000, 0x00000000d5580000)
  object space 57344K, 21% used [0x0000000080000000,0x0000000080bfa7c0,0x0000000083800000)
 Metaspace       used 33134K, capacity 35390K, committed 35416K, reserved 1079296K
  class space    used 4424K, capacity 4847K, committed 4864K, reserved 1048576K
Event: 9.615 GC heap after
Heap after GC invocations=9 (full 2):
 PSYoungGen      total 140800K, used 0K [0x00000000d5580000, 0x00000000e1700000, 0x0000000100000000)
  eden space 131072K, 0% used [0x00000000d5580000,0x00000000d5580000,0x00000000dd580000)
  from space 9728K, 0% used [0x00000000dd580000,0x00000000dd580000,0x00000000ddf00000)
  to   space 13312K, 0% used [0x00000000e0a00000,0x00000000e0a00000,0x00000000e1700000)
 ParOldGen       total 95744K, used 19485K [0x0000000080000000, 0x0000000085d80000, 0x00000000d5580000)
  object space 95744K, 20% used [0x0000000080000000,0x0000000081307548,0x0000000085d80000)
 Metaspace       used 33134K, capacity 35390K, committed 35416K, reserved 1079296K
  class space    used 4424K, capacity 4847K, committed 4864K, reserved 1048576K
}
Event: 14.780 GC heap before
{Heap before GC invocations=10 (full 2):
 PSYoungGen      total 140800K, used 131072K [0x00000000d5580000, 0x00000000e1700000, 0x0000000100000000)
  eden space 131072K, 100% used [0x00000000d5580000,0x00000000dd580000,0x00000000dd580000)
  from space 9728K, 0% used [0x00000000dd580000,0x00000000dd580000,0x00000000ddf00000)
  to   space 13312K, 0% used [0x00000000e0a00000,0x00000000e0a00000,0x00000000e1700000)
 ParOldGen       total 95744K, used 19485K [0x0000000080000000, 0x0000000085d80000, 0x00000000d5580000)
  object space 95744K, 20% used [0x0000000080000000,0x0000000081307548,0x0000000085d80000)
 Metaspace       used 44658K, capacity 48140K, committed 48256K, reserved 1091584K
  class space    used 6159K, capacity 6760K, committed 6784K, reserved 1048576K
Event: 14.828 GC heap after
Heap after GC invocations=10 (full 2):
 PSYoungGen      total 182272K, used 13291K [0x00000000d5580000, 0x00000000e2980000, 0x0000000100000000)
  eden space 168960K, 0% used [0x00000000d5580000,0x00000000d5580000,0x00000000dfa80000)
  from space 13312K, 99% used [0x00000000e0a00000,0x00000000e16faf18,0x00000000e1700000)
  to   space 15872K, 0% used [0x00000000dfa80000,0x00000000dfa80000,0x00000000e0a00000)
 ParOldGen       total 95744K, used 21904K [0x0000000080000000, 0x0000000085d80000, 0x00000000d5580000)
  object space 95744K, 22% used [0x0000000080000000,0x00000000815640f0,0x0000000085d80000)
 Metaspace       used 44658K, capacity 48140K, committed 48256K, reserved 1091584K
  class space    used 6159K, capacity 6760K, committed 6784K, reserved 1048576K
}
Event: 1971.012 GC heap before
{Heap before GC invocations=11 (full 2):
 PSYoungGen      total 182272K, used 182251K [0x00000000d5580000, 0x00000000e2980000, 0x0000000100000000)
  eden space 168960K, 100% used [0x00000000d5580000,0x00000000dfa80000,0x00000000dfa80000)
  from space 13312K, 99% used [0x00000000e0a00000,0x00000000e16faf18,0x00000000e1700000)
  to   space 15872K, 0% used [0x00000000dfa80000,0x00000000dfa80000,0x00000000e0a00000)
 ParOldGen       total 95744K, used 21904K [0x0000000080000000, 0x0000000085d80000, 0x00000000d5580000)
  object space 95744K, 22% used [0x0000000080000000,0x00000000815640f0,0x0000000085d80000)
 Metaspace       used 45866K, capacity 49378K, committed 49664K, reserved 1091584K
  class space    used 6279K, capacity 6879K, committed 6912K, reserved 1048576K
Event: 1971.040 GC heap after
Heap after GC invocations=11 (full 2):
 PSYoungGen      total 184832K, used 6674K [0x00000000d5580000, 0x00000000e3b00000, 0x0000000100000000)
  eden space 168960K, 0% used [0x00000000d5580000,0x00000000d5580000,0x00000000dfa80000)
  from space 15872K, 42% used [0x00000000dfa80000,0x00000000e0104990,0x00000000e0a00000)
  to   space 15360K, 0% used [0x00000000e2c00000,0x00000000e2c00000,0x00000000e3b00000)
 ParOldGen       total 95744K, used 21912K [0x0000000080000000, 0x0000000085d80000, 0x00000000d5580000)
  object space 95744K, 22% used [0x0000000080000000,0x00000000815660f0,0x0000000085d80000)
 Metaspace       used 45866K, capacity 49378K, committed 49664K, reserved 1091584K
  class space    used 6279K, capacity 6879K, committed 6912K, reserved 1048576K
}
Event: 3611.797 GC heap before
{Heap before GC invocations=12 (full 2):
 PSYoungGen      total 184832K, used 175634K [0x00000000d5580000, 0x00000000e3b00000, 0x0000000100000000)
  eden space 168960K, 100% used [0x00000000d5580000,0x00000000dfa80000,0x00000000dfa80000)
  from space 15872K, 42% used [0x00000000dfa80000,0x00000000e0104990,0x00000000e0a00000)
  to   space 15360K, 0% used [0x00000000e2c00000,0x00000000e2c00000,0x00000000e3b00000)
 ParOldGen       total 95744K, used 21912K [0x0000000080000000, 0x0000000085d80000, 0x00000000d5580000)
  object space 95744K, 22% used [0x0000000080000000,0x00000000815660f0,0x0000000085d80000)
 Metaspace       used 49876K, capacity 53668K, committed 53760K, reserved 1095680K
  class space    used 6767K, capacity 7408K, committed 7424K, reserved 1048576K
Event: 3611.833 GC heap after
Heap after GC invocations=12 (full 2):
 PSYoungGen      total 175104K, used 11278K [0x00000000d5580000, 0x00000000e3780000, 0x0000000100000000)
  eden space 163328K, 0% used [0x00000000d5580000,0x00000000d5580000,0x00000000df500000)
  from space 11776K, 95% used [0x00000000e2c00000,0x00000000e3703b80,0x00000000e3780000)
  to   space 15872K, 0% used [0x00000000e1880000,0x00000000e1880000,0x00000000e2800000)
 ParOldGen       total 95744K, used 21920K [0x0000000080000000, 0x0000000085d80000, 0x00000000d5580000)
  object space 95744K, 22% used [0x0000000080000000,0x00000000815680f0,0x0000000085d80000)
 Metaspace       used 49876K, capacity 53668K, committed 53760K, reserved 1095680K
  class space    used 6767K, capacity 7408K, committed 7424K, reserved 1048576K
}

